2025-05-28 13:59:24,073 - INFO - ================================================================================
2025-05-28 13:59:24,074 - INFO - INICIANDO DIAGNÓSTICO COMPLETO - PRODUÇÃO L24
2025-05-28 13:59:24,074 - INFO - ================================================================================
2025-05-28 13:59:24,074 - INFO - Início: 2025-05-28 13:59:24
2025-05-28 13:59:24,074 - INFO - ================================================================================
2025-05-28 13:59:24,074 - INFO - DIAGNÓSTICO 1: ARTEFATOS DO MODELO
2025-05-28 13:59:24,074 - INFO - ================================================================================
2025-05-28 13:59:24,853 - INFO - ✓ Modelo LightGBM encontrado
2025-05-28 13:59:24,854 - INFO -   Tipo: <class 'lightgbm.sklearn.LGBMClassifier'>
2025-05-28 13:59:24,854 - INFO -   Número de features esperadas: 300
2025-05-28 13:59:24,854 - INFO - 
Verificando limiares de decis...
2025-05-28 13:59:24,854 - INFO - 
✓ Arquivo encontrado: decile_thresholds.pkl
2025-05-28 13:59:24,855 - INFO -   Conteúdo: [0.00524785 0.01170815 0.02155099 0.03593944 0.0577897  0.09347356
 0.15549475 0.25659115 0.40992528]
2025-05-28 13:59:24,855 - INFO - 
✓ Arquivo encontrado: decile_thresholds.json
2025-05-28 13:59:24,855 - INFO -   Chaves disponíveis: ['thresholds', 'percentiles', 'statistics', 'performance_by_decile']
2025-05-28 13:59:24,855 - INFO - 
✓ Arquivo encontrado: model_config.json
2025-05-28 13:59:24,856 - INFO -   Chaves disponíveis: ['model_path', 'thresholds_path', 'feature_columns', 'model_version', 'training_date', 'training_samples', 'conversion_rate', 'top_decile_lift']
2025-05-28 13:59:24,856 - INFO - 
================================================================================
2025-05-28 13:59:24,856 - INFO - DIAGNÓSTICO 2: PARÂMETROS DE PRÉ-PROCESSAMENTO
2025-05-28 13:59:24,856 - INFO - ================================================================================
2025-05-28 13:59:24,856 - ERROR - ✗ Parâmetros do script 02 não encontrados em nenhum dos caminhos esperados
2025-05-28 13:59:24,856 - INFO - 
✓ Parâmetros script 03 encontrados
2025-05-28 13:59:24,928 - INFO -   ✓ Parâmetros career_tfidf encontrados
2025-05-28 13:59:24,928 - INFO -     Chaves: ['Cuando_hables_inglés_con_fluid', 'Qué_esperas_aprender_en_el_eve', 'Déjame_un_mensaje']
2025-05-28 13:59:24,928 - INFO -   ✓ professional_motivation encontrado
2025-05-28 13:59:24,928 - INFO -   ✓ aspiration_sentiment encontrado
2025-05-28 13:59:24,928 - INFO -   ✓ commitment encontrado
2025-05-28 13:59:24,928 - INFO -   ✓ career_terms encontrado
2025-05-28 13:59:24,928 - INFO - 
================================================================================
2025-05-28 13:59:24,928 - INFO - DIAGNÓSTICO 3: FEATURES SELECIONADAS
2025-05-28 13:59:24,928 - INFO - ================================================================================
2025-05-28 13:59:24,929 - INFO - ✓ Arquivo de features encontrado: 300 features
2025-05-28 13:59:24,929 - INFO - 
Distribuição por tipo de feature:
2025-05-28 13:59:24,929 - INFO -   tfidf: 184 features
2025-05-28 13:59:24,929 - INFO -     Exemplos: ['déjame_un_mensaje_tfidf_estoy', 'cuando_hables_inglés_con_fluid_career_tfidf_score', 'Déjame un mensaje_tfidf_en']
2025-05-28 13:59:24,929 - INFO -   topic: 18 features
2025-05-28 13:59:24,929 - INFO -     Exemplos: ['Déjame_un_mensaje_topic_3', 'Qué_esperas_aprender_en_el_eve_topic_5', 'Qué_esperas_aprender_en_el_eve_topic_4']
2025-05-28 13:59:24,929 - INFO -   professional: 3 features
2025-05-28 13:59:24,929 - INFO -     Exemplos: ['professional_motivation_score', 'cuando_hables_inglés_con_fluid_career_term_count', 'cuando_hables_inglés_con_fluid_has_career_terms']
2025-05-28 13:59:24,929 - INFO -   interaction: 19 features
2025-05-28 13:59:24,929 - INFO -     Exemplos: ['age_x_current_salary_encoded', 'age_x_desired_salary_encoded', 'country_x_age_encoded']
2025-05-28 13:59:24,929 - INFO -   basic: 29 features
2025-05-28 13:59:24,929 - INFO -     Exemplos: ['current_salary_encoded_country_deviation', 'age_encoded_country_deviation', 'age_encoded']
2025-05-28 13:59:24,929 - INFO -   other: 47 features
2025-05-28 13:59:24,929 - INFO -     Exemplos: ['country_freq', 'UTM_SOURCE_freq', 'UTM_MEDIUM_freq']
2025-05-28 13:59:24,929 - INFO - 
================================================================================
2025-05-28 13:59:24,929 - INFO - DIAGNÓSTICO 4: DADOS DE PRODUÇÃO
2025-05-28 13:59:24,929 - INFO - ================================================================================
2025-05-28 13:59:25,070 - INFO - ✓ UTMs: (56060, 19)
2025-05-28 13:59:25,070 - INFO -   Colunas: ['DATA', 'E-MAIL', 'UTM_CAMPAING', 'UTM_SOURCE', 'UTM_MEDIUM', 'UTM_CONTENT', 'UTM_TERM', 'GCLID', 'Unnamed: 8', 'Unnamed: 9', 'Unnamed: 10', 'Unnamed: 11', 'Unnamed: 12', 'Unnamed: 13', 'Unnamed: 14', 'Unnamed: 15', 'Unnamed: 16', 'Unnamed: 17', 'Unnamed: 18']
2025-05-28 13:59:25,145 - INFO - 
✓ Pesquisas: (13415, 23)
2025-05-28 13:59:25,145 - INFO -   Colunas: ['Marca temporal', '¿Cómo te llamas?', '¿Cuál es tu género?', '¿Cuál es tu edad?', '¿Cual es tu país?', '¿Cuál es tu e-mail?', '¿Cual es tu telefono?', '¿Cuál es tu instagram?', '¿Hace quánto tiempo me conoces?', '¿Cuál es tu disponibilidad de tiempo para estudiar inglés?', 'Cuando hables inglés con fluidez, ¿qué cambiará en tu vida? ¿Qué oportunidades se abrirán para ti?', '¿Cuál es tu profesión?', '¿Cuál es tu sueldo anual? (en dólares)', '¿Cuánto te gustaría ganar al año?', '¿Crees que aprender inglés te acercaría más al salario que mencionaste anteriormente?', '¿Crees que aprender inglés puede ayudarte en el trabajo o en tu vida diaria?', '¿Qué esperas aprender en el evento Cero a Inglés Fluido?', 'Déjame un mensaje', '¿Cuáles son tus principales razones para aprender inglés?', '¿Has comprado algún curso para aprender inglés antes?', 'Qualidade (Nome)', 'Qualidade (Número)', 'status']
2025-05-28 13:59:25,145 - INFO - 
Colunas de texto:
2025-05-28 13:59:25,147 - INFO -   ✓ Cuando hables inglés con fluidez, ¿qué cambiará en... : 13412 valores não nulos
2025-05-28 13:59:25,147 - INFO -   ✓ ¿Qué esperas aprender en el evento Cero a Inglés F... : 13412 valores não nulos
2025-05-28 13:59:25,147 - INFO -   ✓ Déjame un mensaje... : 13402 valores não nulos
2025-05-28 13:59:25,152 - INFO - 
================================================================================
2025-05-28 13:59:25,152 - INFO - DIAGNÓSTICO 5: PREDIÇÕES GERADAS
2025-05-28 13:59:25,152 - INFO - ================================================================================
2025-05-28 13:59:25,153 - INFO - ✓ Analisando predições mais recentes: L24_predictions_20250528_134532.csv
2025-05-28 13:59:25,267 - INFO - 
Estatísticas de probabilidade:
2025-05-28 13:59:25,267 - INFO -   Média: 0.3046
2025-05-28 13:59:25,268 - INFO -   Mediana: 0.2756
2025-05-28 13:59:25,268 - INFO -   Min: 0.0058
2025-05-28 13:59:25,268 - INFO -   Max: 0.9290
2025-05-28 13:59:25,269 - INFO -   Std: 0.2161
2025-05-28 13:59:25,269 - INFO - 
Comparação com TREINO:
2025-05-28 13:59:25,269 - INFO -   Média TREINO: 0.1390
2025-05-28 13:59:25,269 - INFO -   Média PRODUÇÃO: 0.3046
2025-05-28 13:59:25,269 - INFO -   Razão PROD/TREINO: 2.19x
2025-05-28 13:59:25,272 - INFO - 
Distribuição por decil:
2025-05-28 13:59:25,272 - INFO -   Decil 1: 1342 (10.0%)
2025-05-28 13:59:25,272 - INFO -   Decil 2: 1341 (10.0%)
2025-05-28 13:59:25,272 - INFO -   Decil 3: 1342 (10.0%)
2025-05-28 13:59:25,272 - INFO -   Decil 4: 1341 (10.0%)
2025-05-28 13:59:25,272 - INFO -   Decil 5: 1342 (10.0%)
2025-05-28 13:59:25,272 - INFO -   Decil 6: 1341 (10.0%)
2025-05-28 13:59:25,272 - INFO -   Decil 7: 1341 (10.0%)
2025-05-28 13:59:25,272 - INFO -   Decil 8: 1342 (10.0%)
2025-05-28 13:59:25,272 - INFO -   Decil 9: 1341 (10.0%)
2025-05-28 13:59:25,272 - INFO -   Decil 10: 1342 (10.0%)
2025-05-28 13:59:25,274 - INFO - 
================================================================================
2025-05-28 13:59:25,274 - INFO - DIAGNÓSTICO 6: TESTE DE GERAÇÃO DE FEATURES
2025-05-28 13:59:25,274 - INFO - ================================================================================
2025-05-28 13:59:25,482 - INFO - ✓ Amostra carregada: (100, 23)
2025-05-28 13:59:25,482 - INFO - 
Testando processamento de texto em 8 colunas...
2025-05-28 13:59:25,558 - INFO - ✓ Features geradas: 163
2025-05-28 13:59:25,558 - INFO -   TF-IDF: 109
2025-05-28 13:59:25,558 - INFO - 
================================================================================
2025-05-28 13:59:25,558 - INFO - GERANDO RELATÓRIO DE DIAGNÓSTICO
2025-05-28 13:59:25,558 - INFO - ================================================================================
2025-05-28 13:59:25,558 - INFO - Relatório salvo em: /Users/ramonmoreira/desktop/smart_ads/diagnostics/production_diagnostic_20250528_135925.txt
2025-05-28 13:59:25,558 - INFO - 
================================================================================
2025-05-28 13:59:25,558 - INFO - DIAGNÓSTICO CONCLUÍDO!
2025-05-28 13:59:25,558 - INFO - ================================================================================
2025-05-28 13:59:25,558 - INFO - Tempo total: 1.5 segundos
2025-05-28 14:00:29,523 - INFO - ================================================================================
2025-05-28 14:00:29,523 - INFO - INICIANDO DIAGNÓSTICO COMPLETO - PRODUÇÃO L24
2025-05-28 14:00:29,523 - INFO - ================================================================================
2025-05-28 14:00:29,523 - INFO - Início: 2025-05-28 14:00:29
2025-05-28 14:00:29,523 - INFO - ================================================================================
2025-05-28 14:00:29,523 - INFO - DIAGNÓSTICO 1: ARTEFATOS DO MODELO
2025-05-28 14:00:29,523 - INFO - ================================================================================
2025-05-28 14:00:30,272 - INFO - ✓ Modelo LightGBM encontrado
2025-05-28 14:00:30,272 - INFO -   Tipo: <class 'lightgbm.sklearn.LGBMClassifier'>
2025-05-28 14:00:30,272 - INFO -   Número de features esperadas: 300
2025-05-28 14:00:30,272 - INFO - 
Verificando limiares de decis...
2025-05-28 14:00:30,272 - INFO - 
✓ Arquivo encontrado: decile_thresholds.pkl
2025-05-28 14:00:30,273 - INFO -   Conteúdo: [0.00524785 0.01170815 0.02155099 0.03593944 0.0577897  0.09347356
 0.15549475 0.25659115 0.40992528]
2025-05-28 14:00:30,273 - INFO - 
✓ Arquivo encontrado: decile_thresholds.json
2025-05-28 14:00:30,273 - INFO -   Chaves disponíveis: ['thresholds', 'percentiles', 'statistics', 'performance_by_decile']
2025-05-28 14:00:30,273 - INFO - 
✓ Arquivo encontrado: model_config.json
2025-05-28 14:00:30,274 - INFO -   Chaves disponíveis: ['model_path', 'thresholds_path', 'feature_columns', 'model_version', 'training_date', 'training_samples', 'conversion_rate', 'top_decile_lift']
2025-05-28 14:00:30,274 - INFO - 
================================================================================
2025-05-28 14:00:30,274 - INFO - DIAGNÓSTICO 2: PARÂMETROS DE PRÉ-PROCESSAMENTO
2025-05-28 14:00:30,274 - INFO - ================================================================================
2025-05-28 14:00:30,274 - INFO - ✓ Parâmetros script 02 encontrados em: /Users/ramonmoreira/desktop/smart_ads/src/preprocessing/params/new/02_preprocessing_params/all_preprocessing_params.joblib
2025-05-28 14:00:30,336 - INFO -   Chaves principais: ['quality_columns', 'missing_values', 'outliers', 'normalization', 'feature_engineering', 'text_processing', 'advanced_features']
2025-05-28 14:00:30,336 - INFO - 
✓ Parâmetros script 03 encontrados
2025-05-28 14:00:30,391 - INFO -   ✓ Parâmetros career_tfidf encontrados
2025-05-28 14:00:30,391 - INFO -     Chaves: ['Cuando_hables_inglés_con_fluid', 'Qué_esperas_aprender_en_el_eve', 'Déjame_un_mensaje']
2025-05-28 14:00:30,391 - INFO -   ✓ professional_motivation encontrado
2025-05-28 14:00:30,391 - INFO -   ✓ aspiration_sentiment encontrado
2025-05-28 14:00:30,391 - INFO -   ✓ commitment encontrado
2025-05-28 14:00:30,392 - INFO -   ✓ career_terms encontrado
2025-05-28 14:00:30,392 - INFO - 
================================================================================
2025-05-28 14:00:30,392 - INFO - DIAGNÓSTICO 3: FEATURES SELECIONADAS
2025-05-28 14:00:30,392 - INFO - ================================================================================
2025-05-28 14:00:30,392 - INFO - ✓ Arquivo de features encontrado: 300 features
2025-05-28 14:00:30,392 - INFO - 
Distribuição por tipo de feature:
2025-05-28 14:00:30,392 - INFO -   tfidf: 184 features
2025-05-28 14:00:30,392 - INFO -     Exemplos: ['déjame_un_mensaje_tfidf_estoy', 'cuando_hables_inglés_con_fluid_career_tfidf_score', 'Déjame un mensaje_tfidf_en']
2025-05-28 14:00:30,392 - INFO -   topic: 18 features
2025-05-28 14:00:30,392 - INFO -     Exemplos: ['Déjame_un_mensaje_topic_3', 'Qué_esperas_aprender_en_el_eve_topic_5', 'Qué_esperas_aprender_en_el_eve_topic_4']
2025-05-28 14:00:30,392 - INFO -   professional: 3 features
2025-05-28 14:00:30,392 - INFO -     Exemplos: ['professional_motivation_score', 'cuando_hables_inglés_con_fluid_career_term_count', 'cuando_hables_inglés_con_fluid_has_career_terms']
2025-05-28 14:00:30,392 - INFO -   interaction: 19 features
2025-05-28 14:00:30,392 - INFO -     Exemplos: ['age_x_current_salary_encoded', 'age_x_desired_salary_encoded', 'country_x_age_encoded']
2025-05-28 14:00:30,392 - INFO -   basic: 29 features
2025-05-28 14:00:30,392 - INFO -     Exemplos: ['current_salary_encoded_country_deviation', 'age_encoded_country_deviation', 'age_encoded']
2025-05-28 14:00:30,392 - INFO -   other: 47 features
2025-05-28 14:00:30,392 - INFO -     Exemplos: ['country_freq', 'UTM_SOURCE_freq', 'UTM_MEDIUM_freq']
2025-05-28 14:00:30,392 - INFO - 
================================================================================
2025-05-28 14:00:30,392 - INFO - DIAGNÓSTICO 4: DADOS DE PRODUÇÃO
2025-05-28 14:00:30,392 - INFO - ================================================================================
2025-05-28 14:00:30,543 - INFO - ✓ UTMs: (56060, 19)
2025-05-28 14:00:30,544 - INFO -   Colunas: ['DATA', 'E-MAIL', 'UTM_CAMPAING', 'UTM_SOURCE', 'UTM_MEDIUM', 'UTM_CONTENT', 'UTM_TERM', 'GCLID', 'Unnamed: 8', 'Unnamed: 9', 'Unnamed: 10', 'Unnamed: 11', 'Unnamed: 12', 'Unnamed: 13', 'Unnamed: 14', 'Unnamed: 15', 'Unnamed: 16', 'Unnamed: 17', 'Unnamed: 18']
2025-05-28 14:00:30,618 - INFO - 
✓ Pesquisas: (13415, 23)
2025-05-28 14:00:30,619 - INFO -   Colunas: ['Marca temporal', '¿Cómo te llamas?', '¿Cuál es tu género?', '¿Cuál es tu edad?', '¿Cual es tu país?', '¿Cuál es tu e-mail?', '¿Cual es tu telefono?', '¿Cuál es tu instagram?', '¿Hace quánto tiempo me conoces?', '¿Cuál es tu disponibilidad de tiempo para estudiar inglés?', 'Cuando hables inglés con fluidez, ¿qué cambiará en tu vida? ¿Qué oportunidades se abrirán para ti?', '¿Cuál es tu profesión?', '¿Cuál es tu sueldo anual? (en dólares)', '¿Cuánto te gustaría ganar al año?', '¿Crees que aprender inglés te acercaría más al salario que mencionaste anteriormente?', '¿Crees que aprender inglés puede ayudarte en el trabajo o en tu vida diaria?', '¿Qué esperas aprender en el evento Cero a Inglés Fluido?', 'Déjame un mensaje', '¿Cuáles son tus principales razones para aprender inglés?', '¿Has comprado algún curso para aprender inglés antes?', 'Qualidade (Nome)', 'Qualidade (Número)', 'status']
2025-05-28 14:00:30,619 - INFO - 
Colunas de texto:
2025-05-28 14:00:30,621 - INFO -   ✓ Cuando hables inglés con fluidez, ¿qué cambiará en... : 13412 valores não nulos
2025-05-28 14:00:30,621 - INFO -   ✓ ¿Qué esperas aprender en el evento Cero a Inglés F... : 13412 valores não nulos
2025-05-28 14:00:30,621 - INFO -   ✓ Déjame un mensaje... : 13402 valores não nulos
2025-05-28 14:00:30,627 - INFO - 
================================================================================
2025-05-28 14:00:30,627 - INFO - DIAGNÓSTICO 5: PREDIÇÕES GERADAS
2025-05-28 14:00:30,627 - INFO - ================================================================================
2025-05-28 14:00:30,627 - INFO - ✓ Analisando predições mais recentes: L24_predictions_20250528_134532.csv
2025-05-28 14:00:30,745 - INFO - 
Estatísticas de probabilidade:
2025-05-28 14:00:30,745 - INFO -   Média: 0.3046
2025-05-28 14:00:30,752 - INFO -   Mediana: 0.2756
2025-05-28 14:00:30,752 - INFO -   Min: 0.0058
2025-05-28 14:00:30,752 - INFO -   Max: 0.9290
2025-05-28 14:00:30,752 - INFO -   Std: 0.2161
2025-05-28 14:00:30,752 - INFO - 
Comparação com TREINO:
2025-05-28 14:00:30,752 - INFO -   Média TREINO: 0.1390
2025-05-28 14:00:30,752 - INFO -   Média PRODUÇÃO: 0.3046
2025-05-28 14:00:30,752 - INFO -   Razão PROD/TREINO: 2.19x
2025-05-28 14:00:30,772 - INFO - 
Distribuição por decil:
2025-05-28 14:00:30,772 - INFO -   Decil 1: 1342 (10.0%)
2025-05-28 14:00:30,772 - INFO -   Decil 2: 1341 (10.0%)
2025-05-28 14:00:30,772 - INFO -   Decil 3: 1342 (10.0%)
2025-05-28 14:00:30,772 - INFO -   Decil 4: 1341 (10.0%)
2025-05-28 14:00:30,772 - INFO -   Decil 5: 1342 (10.0%)
2025-05-28 14:00:30,772 - INFO -   Decil 6: 1341 (10.0%)
2025-05-28 14:00:30,772 - INFO -   Decil 7: 1341 (10.0%)
2025-05-28 14:00:30,772 - INFO -   Decil 8: 1342 (10.0%)
2025-05-28 14:00:30,772 - INFO -   Decil 9: 1341 (10.0%)
2025-05-28 14:00:30,772 - INFO -   Decil 10: 1342 (10.0%)
2025-05-28 14:00:30,774 - INFO - 
================================================================================
2025-05-28 14:00:30,774 - INFO - DIAGNÓSTICO 6: TESTE DE GERAÇÃO DE FEATURES
2025-05-28 14:00:30,774 - INFO - ================================================================================
2025-05-28 14:00:31,522 - INFO - ✓ Amostra carregada: (100, 23)
2025-05-28 14:00:31,522 - INFO - 
Testando processamento de texto em 8 colunas...
2025-05-28 14:00:31,610 - INFO - ✓ Features geradas: 163
2025-05-28 14:00:31,611 - INFO -   TF-IDF: 109
2025-05-28 14:00:31,611 - INFO - 
================================================================================
2025-05-28 14:00:31,611 - INFO - GERANDO RELATÓRIO DE DIAGNÓSTICO
2025-05-28 14:00:31,611 - INFO - ================================================================================
2025-05-28 14:00:31,611 - INFO - Relatório salvo em: /Users/ramonmoreira/desktop/smart_ads/diagnostics/production_diagnostic_20250528_140031.txt
2025-05-28 14:00:31,611 - INFO - 
================================================================================
2025-05-28 14:00:31,611 - INFO - DIAGNÓSTICO CONCLUÍDO!
2025-05-28 14:00:31,612 - INFO - ================================================================================
2025-05-28 14:00:31,612 - INFO - Tempo total: 2.1 segundos
